<?xml version="1.0" encoding="UTF-8"?>
<!-- Generated by org.testng.reporters.JUnitXMLReporter -->
<testsuite hostname="DESKTOP-FCALUL0" ignored="0" name="Command line test" tests="2" failures="1" timestamp="11 дек 2017 17:06:23 GMT" time="7.124" errors="0">
  <testcase name="@AfterClass afterClass" time="0.0" classname="by.htp.testng.testng_st.AppTest">
    <failure type="java.lang.NullPointerException">
      <![CDATA[java.lang.NullPointerException
	at by.htp.testng.testng_st.AppTest.afterClass(AppTest.java:53)
... Removed 34 stack frames]]>
    </failure>
  </testcase> <!-- @AfterClass afterClass -->
  <testcase name="test1" time="0.002" classname="by.htp.testng.testng_st.AppTest">
    <failure type="java.lang.NullPointerException">
      <![CDATA[java.lang.NullPointerException
	at by.htp.testng.testng_st.AppTest.test1(AppTest.java:41)
... Removed 34 stack frames]]>
    </failure>
  </testcase> <!-- test1 -->
  <testcase name="test2" time="0.0" classname="by.htp.testng.testng_st.AppTest"/>
</testsuite> <!-- Command line test -->
