<?xml version="1.0" encoding="UTF-8"?>
<testng-results skipped="0" failed="0" ignored="0" total="1" passed="1">
  <reporter-output>
  </reporter-output>
  <suite name="Default suite" duration-ms="20233" started-at="2017-12-27T17:19:50Z" finished-at="2017-12-27T17:20:10Z">
    <groups>
    </groups>
    <test name="Default test" duration-ms="20233" started-at="2017-12-27T17:19:50Z" finished-at="2017-12-27T17:20:10Z">
      <class name="by.htp.testng.testng_st.AppTest">
        <test-method status="PASS" signature="beforeSuite()[pri:0, instance:by.htp.testng.testng_st.AppTest@6a41eaa2]" name="beforeSuite" is-config="true" duration-ms="13" started-at="2017-12-27T20:19:50Z" finished-at="2017-12-27T20:19:50Z">
          <reporter-output>
          </reporter-output>
        </test-method> <!-- beforeSuite -->
        <test-method status="PASS" signature="beforeClass()[pri:0, instance:by.htp.testng.testng_st.AppTest@6a41eaa2]" name="beforeClass" is-config="true" duration-ms="11309" started-at="2017-12-27T20:19:50Z" finished-at="2017-12-27T20:20:01Z">
          <reporter-output>
          </reporter-output>
        </test-method> <!-- beforeClass -->
        <test-method status="PASS" signature="beforeMethod()[pri:0, instance:by.htp.testng.testng_st.AppTest@6a41eaa2]" name="beforeMethod" is-config="true" duration-ms="0" started-at="2017-12-27T20:20:01Z" finished-at="2017-12-27T20:20:01Z">
          <reporter-output>
          </reporter-output>
        </test-method> <!-- beforeMethod -->
        <test-method status="PASS" signature="task6()[pri:0, instance:by.htp.testng.testng_st.AppTest@6a41eaa2]" name="task6" duration-ms="8621" started-at="2017-12-27T20:20:01Z" finished-at="2017-12-27T20:20:10Z">
          <reporter-output>
          </reporter-output>
        </test-method> <!-- task6 -->
        <test-method status="PASS" signature="afterMethod()[pri:0, instance:by.htp.testng.testng_st.AppTest@6a41eaa2]" name="afterMethod" is-config="true" duration-ms="1" started-at="2017-12-27T20:20:10Z" finished-at="2017-12-27T20:20:10Z">
          <reporter-output>
          </reporter-output>
        </test-method> <!-- afterMethod -->
        <test-method status="PASS" signature="afterClass()[pri:0, instance:by.htp.testng.testng_st.AppTest@6a41eaa2]" name="afterClass" is-config="true" duration-ms="278" started-at="2017-12-27T20:20:10Z" finished-at="2017-12-27T20:20:10Z">
          <reporter-output>
          </reporter-output>
        </test-method> <!-- afterClass -->
        <test-method status="PASS" signature="afterSuite()[pri:0, instance:by.htp.testng.testng_st.AppTest@6a41eaa2]" name="afterSuite" is-config="true" duration-ms="0" started-at="2017-12-27T20:20:10Z" finished-at="2017-12-27T20:20:10Z">
          <reporter-output>
          </reporter-output>
        </test-method> <!-- afterSuite -->
      </class> <!-- by.htp.testng.testng_st.AppTest -->
    </test> <!-- Default test -->
  </suite> <!-- Default suite -->
</testng-results>
