<?xml version="1.0" encoding="UTF-8" ?>
<testsuite tests="4" failures="2" name="by.htp.testng.testng_st.AppTest" time="0.103" errors="0" skipped="1">
  <properties>
[...]
</properties>
  <testcase classname="by.htp.testng.testng_st.AppTest" name="test1" time="0.02">
    <failure type="java.lang.NullPointerException">java.lang.NullPointerException
	at by.htp.testng.testng_st.AppTest.test1(AppTest.java:41)
</failure>
    <system-out>Configuring TestNG with: org.apache.maven.surefire.testng.conf.TestNG652Configurator@c2e1f26
Before Suite
Before Class
Before Method
test1111
</system-out>
    <system-err>1513011976908	geckodriver	INFO	geckodriver 0.19.1
1513011976919	geckodriver	INFO	Listening on 127.0.0.1:46113
1513011977611	mozrunner::runner	INFO	Running command: &quot;C:\\Program Files\\Mozilla Firefox\\firefox.exe&quot; &quot;-marionette&quot; &quot;-profile&quot; &quot;C:\\Users\\seg\\AppData\\Local\\Temp\\rust_mozprofile.PTiP0RnW7j7Z&quot;
1513011978830	Marionette	INFO	Enabled via --marionette
Unable to read VR Path Registry from C:\Users\seg\AppData\Local\openvr\openvrpaths.vrpath
[Child 6536, Chrome_ChildThread] WARNING: pipe error: 109: file z:/build/build/src/ipc/chromium/src/chrome/common/ipc_channel_win.cc, line 346
[Child 6536, Chrome_ChildThread] WARNING: pipe error: 109: file z:/build/build/src/ipc/chromium/src/chrome/common/ipc_channel_win.cc, line 346
1513011982461	Marionette	INFO	Listening on port 52189
1513011982871	Marionette	WARN	TLS certificate errors will be ignored for this session
1513011982964	Marionette	DEBUG	Register listener.js for window 4294967297
дек 11, 2017 8:06:23 PM org.openqa.selenium.remote.ProtocolHandshake createSession
INFO: Detected dialect: W3C
</system-err>
  </testcase>
  <testcase classname="by.htp.testng.testng_st.AppTest" name="test2" time="0"/>
  <testcase classname="by.htp.testng.testng_st.AppTest" name="afterClass" time="0.007">
    <failure type="java.lang.NullPointerException">java.lang.NullPointerException
	at by.htp.testng.testng_st.AppTest.afterClass(AppTest.java:53)
</failure>
    <system-out>AfterMethod
AfterClass
</system-out>
  </testcase>
  <testcase classname="by.htp.testng.testng_st.AppTest" name="afterSuite" time="0.076">
    <skipped/>
  </testcase>
</testsuite>